05-Oct-2015 22:53:21 - INFO  ClientHelper[executeAction]: Execution starts for action [OPENSTACK_LOGIN]...
05-Oct-2015 22:53:21 - INFO  Cli[log]: Input params 
05-Oct-2015 22:53:21 - INFO  Cli[log]: Action Name[action] = OPENSTACK_LOGIN
05-Oct-2015 22:53:21 - INFO  Cli[log]: Identity service endpoint[baseurl] = http://127.0.0.1:5000/v2.0
05-Oct-2015 22:53:21 - INFO  Cli[log]: Username for openstack[username] = admin
05-Oct-2015 22:53:21 - INFO  Cli[log]: Tenant/Project name[tenantname] = admin
05-Oct-2015 22:53:21 - INFO  Cli[log]: Path where file needs to written[filepath] = C:\Users\sumitsamson\Desktop\Temp\xml\login.xml
05-Oct-2015 22:53:21 - INFO  GetTokenAction[execute]: Calling url http://127.0.0.1:5000/v2.0/tokens
05-Oct-2015 22:53:21 - ERROR GenericResponseFilter[handle]: Response code for http://127.0.0.1:5000/v2.0/tokens is 401
05-Oct-2015 22:53:21 - ERROR GenericResponseFilter[handle]: {"error":{"message":"Invalid user / password (Disable debug mode to suppress these details.)","title":"Unauthorized","code":401}}
05-Oct-2015 22:53:21 - INFO  Client[main]: @@@@@@@ Execution ends for action  with response code : 1
05-Oct-2015 22:53:32 - INFO  ClientHelper[executeAction]: Execution starts for action [OPENSTACK_LOGIN]...
05-Oct-2015 22:53:32 - INFO  Cli[log]: Input params 
05-Oct-2015 22:53:32 - INFO  Cli[log]: Action Name[action] = OPENSTACK_LOGIN
05-Oct-2015 22:53:32 - INFO  Cli[log]: Identity service endpoint[baseurl] = http://127.0.0.1:5000/v2.0
05-Oct-2015 22:53:32 - INFO  Cli[log]: Username for openstack[username] = admin
05-Oct-2015 22:53:32 - INFO  Cli[log]: Tenant/Project name[tenantname] = admin
05-Oct-2015 22:53:32 - INFO  Cli[log]: Path where file needs to written[filepath] = C:\Users\sumitsamson\Desktop\Temp\xml\login.xml
05-Oct-2015 22:53:32 - INFO  GetTokenAction[execute]: Calling url http://127.0.0.1:5000/v2.0/tokens
05-Oct-2015 22:53:32 - INFO  Client[main]: @@@@@@@ Execution ends for action  with response code : 0
06-Oct-2015 11:09:03 - INFO  ClientHelper[executeAction]: Execution starts for action [OPENSTACK_LOGIN]...
06-Oct-2015 11:09:03 - ERROR Cli[<init>]: Error parsing the command line options
org.apache.commons.cli.MissingOptionException: Missing required options: readtimeout, connectiontimeout, filepath
	at org.apache.commons.cli.DefaultParser.checkRequiredOptions(DefaultParser.java:199) ~[openstacktool.jar:1.0.0 2015-10-05T17:28:29Z]
	at org.apache.commons.cli.DefaultParser.parse(DefaultParser.java:130) ~[openstacktool.jar:1.0.0 2015-10-05T17:28:29Z]
	at org.apache.commons.cli.DefaultParser.parse(DefaultParser.java:81) ~[openstacktool.jar:1.0.0 2015-10-05T17:28:29Z]
	at com.automic.openstack.cli.Cli.<init>(Cli.java:31) [openstacktool.jar:1.0.0 2015-10-05T17:28:29Z]
	at com.automic.openstack.actions.AbstractAction.executeAction(AbstractAction.java:97) [openstacktool.jar:1.0.0 2015-10-05T17:28:29Z]
	at com.automic.openstack.client.ClientHelper.executeAction(ClientHelper.java:38) [openstacktool.jar:1.0.0 2015-10-05T17:28:29Z]
	at com.automic.openstack.client.Client.main(Client.java:40) [openstacktool.jar:1.0.0 2015-10-05T17:28:29Z]
06-Oct-2015 11:09:03 - INFO  Client[main]: @@@@@@@ Execution ends for action  with response code : 1
